<?xml version="1.0" encoding="UTF-8"?>
<testng-results skipped="0" failed="0" total="1" passed="1">
  <reporter-output>
  </reporter-output>
  <suite name="sreekanth.MavenTest2.AppTest" duration-ms="17" started-at="2016-05-31T14:40:40Z" finished-at="2016-05-31T14:40:40Z">
    <groups>
    </groups>
    <test name="Command line test" duration-ms="17" started-at="2016-05-31T14:40:40Z" finished-at="2016-05-31T14:40:40Z">
      <class name="sreekanth.MavenTest2.AppTest">
        <test-method status="PASS" signature="setup()[pri:0, instance:sreekanth.MavenTest2.AppTest@22f71333]" name="setup" is-config="true" duration-ms="7" started-at="2016-05-31T10:40:40Z" finished-at="2016-05-31T10:40:40Z">
          <reporter-output>
          </reporter-output>
        </test-method> <!-- setup -->
        <test-method status="PASS" signature="duringTest()[pri:0, instance:sreekanth.MavenTest2.AppTest@22f71333]" name="duringTest" duration-ms="1" started-at="2016-05-31T10:40:40Z" finished-at="2016-05-31T10:40:40Z">
          <reporter-output>
          </reporter-output>
        </test-method> <!-- duringTest -->
        <test-method status="PASS" signature="closeConnection()[pri:0, instance:sreekanth.MavenTest2.AppTest@22f71333]" name="closeConnection" is-config="true" duration-ms="1" started-at="2016-05-31T10:40:40Z" finished-at="2016-05-31T10:40:40Z">
          <reporter-output>
          </reporter-output>
        </test-method> <!-- closeConnection -->
      </class> <!-- sreekanth.MavenTest2.AppTest -->
    </test> <!-- Command line test -->
  </suite> <!-- sreekanth.MavenTest2.AppTest -->
</testng-results>
